nohup: ignoring input
/root/anaconda3/envs/sam_api/lib/python3.12/site-packages/onnxruntime/capi/onnxruntime_inference_collection.py:69: UserWarning: Specified provider 'CUDAExecutionProvider' is not in available provider names.Available providers: 'AzureExecutionProvider, CPUExecutionProvider'
  warnings.warn(
loading encoder model...
start warmup!
  0%|          | 0/3 [00:00<?, ?it/s] 33%|███▎      | 1/3 [00:00<00:00,  4.75it/s] 67%|██████▋   | 2/3 [00:00<00:00,  4.71it/s]100%|██████████| 3/3 [00:00<00:00,  4.90it/s]100%|██████████| 3/3 [00:00<00:00,  4.85it/s]
INFO:     Started server process [110773]
INFO:     Waiting for application startup.
INFO:     Application startup complete.
INFO:     Uvicorn running on http://127.0.0.1:8002 (Press CTRL+C to quit)
warmup finish!
loading decoder model...
point_coords=[[[129.6      112.110344]]], point_labels=[[1.]]
INFO:     127.0.0.1:42380 - "POST /infer HTTP/1.1" 200 OK
point_coords=[[[129.6      112.110344]]], point_labels=[[1.]]
INFO:     127.0.0.1:35510 - "POST /infer HTTP/1.1" 200 OK
point_coords=[[[129.6      112.110344]]], point_labels=[[1.]]
INFO:     127.0.0.1:44516 - "POST /infer HTTP/1.1" 200 OK
point_coords=[[[129.6      112.110344]]], point_labels=[[1.]]
INFO:     127.0.0.1:48306 - "POST /infer HTTP/1.1" 200 OK
point_coords=[[[160.74419 179.62431]]], point_labels=[[1.]]
INFO:     127.0.0.1:51200 - "POST /infer HTTP/1.1" 200 OK
point_coords=[[[81.  63.5]]], point_labels=[[1.]]
INFO:     127.0.0.1:53616 - "POST /infer HTTP/1.1" 200 OK
point_coords=[[[129.6      112.110344]]], point_labels=[[1.]]
INFO:     127.0.0.1:55198 - "POST /infer HTTP/1.1" 200 OK
INFO:     127.0.0.1:43266 - "POST /infer HTTP/1.1" 500 Internal Server Error
ERROR:    Exception in ASGI application
Traceback (most recent call last):
  File "/root/anaconda3/envs/sam_api/lib/python3.12/site-packages/uvicorn/protocols/http/h11_impl.py", line 406, in run_asgi
    result = await app(  # type: ignore[func-returns-value]
             ^^^^^^^^^^^^^^^^^^^^^^^^^^^^^^^^^^^^^^^^^^^^^^
  File "/root/anaconda3/envs/sam_api/lib/python3.12/site-packages/uvicorn/middleware/proxy_headers.py", line 70, in __call__
    return await self.app(scope, receive, send)
           ^^^^^^^^^^^^^^^^^^^^^^^^^^^^^^^^^^^^
  File "/root/anaconda3/envs/sam_api/lib/python3.12/site-packages/fastapi/applications.py", line 1054, in __call__
    await super().__call__(scope, receive, send)
  File "/root/anaconda3/envs/sam_api/lib/python3.12/site-packages/starlette/applications.py", line 123, in __call__
    await self.middleware_stack(scope, receive, send)
  File "/root/anaconda3/envs/sam_api/lib/python3.12/site-packages/starlette/middleware/errors.py", line 186, in __call__
    raise exc
  File "/root/anaconda3/envs/sam_api/lib/python3.12/site-packages/starlette/middleware/errors.py", line 164, in __call__
    await self.app(scope, receive, _send)
  File "/root/anaconda3/envs/sam_api/lib/python3.12/site-packages/starlette/middleware/exceptions.py", line 65, in __call__
    await wrap_app_handling_exceptions(self.app, conn)(scope, receive, send)
  File "/root/anaconda3/envs/sam_api/lib/python3.12/site-packages/starlette/_exception_handler.py", line 64, in wrapped_app
    raise exc
  File "/root/anaconda3/envs/sam_api/lib/python3.12/site-packages/starlette/_exception_handler.py", line 53, in wrapped_app
    await app(scope, receive, sender)
  File "/root/anaconda3/envs/sam_api/lib/python3.12/site-packages/starlette/routing.py", line 754, in __call__
    await self.middleware_stack(scope, receive, send)
  File "/root/anaconda3/envs/sam_api/lib/python3.12/site-packages/starlette/routing.py", line 774, in app
    await route.handle(scope, receive, send)
  File "/root/anaconda3/envs/sam_api/lib/python3.12/site-packages/starlette/routing.py", line 295, in handle
    await self.app(scope, receive, send)
  File "/root/anaconda3/envs/sam_api/lib/python3.12/site-packages/starlette/routing.py", line 77, in app
    await wrap_app_handling_exceptions(app, request)(scope, receive, send)
  File "/root/anaconda3/envs/sam_api/lib/python3.12/site-packages/starlette/_exception_handler.py", line 64, in wrapped_app
    raise exc
  File "/root/anaconda3/envs/sam_api/lib/python3.12/site-packages/starlette/_exception_handler.py", line 53, in wrapped_app
    await app(scope, receive, sender)
  File "/root/anaconda3/envs/sam_api/lib/python3.12/site-packages/starlette/routing.py", line 74, in app
    response = await f(request)
               ^^^^^^^^^^^^^^^^
  File "/root/anaconda3/envs/sam_api/lib/python3.12/site-packages/fastapi/routing.py", line 278, in app
    raw_response = await run_endpoint_function(
                   ^^^^^^^^^^^^^^^^^^^^^^^^^^^^
  File "/root/anaconda3/envs/sam_api/lib/python3.12/site-packages/fastapi/routing.py", line 191, in run_endpoint_function
    return await dependant.call(**values)
           ^^^^^^^^^^^^^^^^^^^^^^^^^^^^^^
  File "/home/shenc/iGEM_USTC-Software/USTC-Software/Apps/SAM_Med/main_2d.py", line 330, in infer
    img_embeddings = encoder_session(img_file)
                     ^^^^^^^^^^^^^^^^^^^^^^^^^
  File "/home/shenc/iGEM_USTC-Software/USTC-Software/Apps/SAM_Med/main_2d.py", line 156, in __call__
    result = self._extract_feature(img)
             ^^^^^^^^^^^^^^^^^^^^^^^^^^
  File "/home/shenc/iGEM_USTC-Software/USTC-Software/Apps/SAM_Med/main_2d.py", line 149, in _extract_feature
    input_image = self.transform(tensor)
                  ^^^^^^^^^^^^^^^^^^^^^^
  File "/home/shenc/iGEM_USTC-Software/USTC-Software/Apps/SAM_Med/main_2d.py", line 127, in transform
    input_image = img[..., ::-1]
                  ~~~^^^^^^^^^^^
TypeError: 'NoneType' object is not subscriptable
point_coords=[[[67.32468 52.77922]]], point_labels=[[1.]]
INFO:     127.0.0.1:41640 - "POST /infer HTTP/1.1" 200 OK
point_coords=[[[86.4 50.8]]], point_labels=[[1.]]
INFO:     127.0.0.1:39630 - "POST /infer HTTP/1.1" 200 OK
point_coords=[[[67.32468 52.77922]]], point_labels=[[1.]]
INFO:     127.0.0.1:38264 - "POST /infer HTTP/1.1" 200 OK
point_coords=[[[160.74419 179.62431]]], point_labels=[[1.]]
INFO:     127.0.0.1:59156 - "POST /infer HTTP/1.1" 200 OK
